TRACE::2024-06-19.03:29:29::SCWBifWriter::Found the complete platform C:/Users/vicen/OneDrive/Escritorio/Septimo_Semestre/SEP/Proyecto2/Proyecto2/P2_wrapper_v3/export/P2_wrapper_v3/P2_wrapper_v3.xpfm
TRACE::2024-06-19.03:29:30::SCWBifWriter::hardware databse : P2_wrapper_1
TRACE::2024-06-19.03:29:30::SCWBifWriter::bitstream found in the design
TRACE::2024-06-19.03:29:30::SCWBifWriter::Found a baremetal domain, proc: ps7_cortexa9_0
TRACE::2024-06-19.03:29:30::SCWBifWriter::proc type : 
TRACE::2024-06-19.03:29:30::SCWBifWriter::proc[0] : ps7_cortexa9_0
TRACE::2024-06-19.03:29:30::SCWBifWriter::Device type is : zynq
TRACE::2024-06-19.03:29:30::SCWBifWriter::Writing BIF to file : C:/Users/vicen/OneDrive/Escritorio/Septimo_Semestre/SEP/Proyecto2/Proyecto2/P2_SW_V3_system/Debug/system.bif
TRACE::2024-06-19.03:29:30::SCWBifWriter::Writing the Zynq Baremetal bif 
TRACE::2024-06-19.03:29:56::SCWBifWriter::Found the complete platform C:/Users/vicen/OneDrive/Escritorio/Septimo_Semestre/SEP/Proyecto2/Proyecto2/P2_wrapper_v3/export/P2_wrapper_v3/P2_wrapper_v3.xpfm
TRACE::2024-06-19.03:29:56::SCWBifWriter::hardware databse : P2_wrapper_1
TRACE::2024-06-19.03:29:56::SCWBifWriter::bitstream found in the design
TRACE::2024-06-19.03:29:56::SCWBifWriter::Found a baremetal domain, proc: ps7_cortexa9_0
TRACE::2024-06-19.03:29:56::SCWBifWriter::proc type : 
TRACE::2024-06-19.03:29:56::SCWBifWriter::proc[0] : ps7_cortexa9_0
TRACE::2024-06-19.03:29:56::SCWBifWriter::Device type is : zynq
TRACE::2024-06-19.03:29:56::SCWBifWriter::Writing BIF to file : C:/Users/vicen/OneDrive/Escritorio/Septimo_Semestre/SEP/Proyecto2/Proyecto2/P2_SW_V3_system/Debug/system.bif
TRACE::2024-06-19.03:29:56::SCWBifWriter::Writing the Zynq Baremetal bif 
TRACE::2024-06-19.03:32:28::SCWBifWriter::Found the complete platform C:/Users/vicen/OneDrive/Escritorio/Septimo_Semestre/SEP/Proyecto2/Proyecto2/P2_wrapper_v3/export/P2_wrapper_v3/P2_wrapper_v3.xpfm
TRACE::2024-06-19.03:32:28::SCWBifWriter::hardware databse : P2_wrapper_1
TRACE::2024-06-19.03:32:28::SCWBifWriter::bitstream found in the design
TRACE::2024-06-19.03:32:28::SCWBifWriter::Found a baremetal domain, proc: ps7_cortexa9_0
TRACE::2024-06-19.03:32:28::SCWBifWriter::proc type : 
TRACE::2024-06-19.03:32:28::SCWBifWriter::proc[0] : ps7_cortexa9_0
TRACE::2024-06-19.03:32:28::SCWBifWriter::Device type is : zynq
TRACE::2024-06-19.03:32:28::SCWBifWriter::Writing BIF to file : C:/Users/vicen/OneDrive/Escritorio/Septimo_Semestre/SEP/Proyecto2/Proyecto2/P2_SW_V3_system/Debug/system.bif
TRACE::2024-06-19.03:32:28::SCWBifWriter::Writing the Zynq Baremetal bif 
