03:32:50 **** Incremental Build of configuration Release for project P2_V2_SW ****
make all 
make --no-print-directory pre-build
a9-linaro-pre-build-step
' '
make --no-print-directory main-build
'Building target: P2_V2_SW.elf'
'Invoking: ARM v7 gcc linker'
arm-none-eabi-gcc -mcpu=cortex-a9 -mfpu=vfpv3 -mfloat-abi=hard -Wl,-build-id=none -specs=Xilinx.spec -Wl,-T -Wl,../src/lscript.ld -LC:/Users/vicen/OneDrive/Escritorio/Septimo_Semestre/SEP/Proyecto2/Proyecto2/P2_wrapper_v2/export/P2_wrapper_v2/sw/P2_wrapper_v2/domain_ps7_cortexa9_0/bsplib/lib -o "P2_V2_SW.elf"  ./src/ADC.o ./src/Delay.o ./src/I2C.o ./src/LCD_Driver.o ./src/LCD_GUI.o ./src/LCD_SPI.o ./src/font12.o ./src/font16.o ./src/font20.o ./src/font24.o ./src/font8.o ./src/main.o ./src/platform.o   -Wl,--start-group,-lxil,-lgcc,-lc,--end-group
c:/xilinx2020/vitis/2020.1/gnu/aarch32/nt/gcc-arm-none-eabi/x86_64-oesdk-mingw32/usr/bin/arm-xilinx-eabi/../../libexec/arm-xilinx-eabi/gcc/arm-xilinx-eabi/9.2.0/real-ld.exe: ./src/main.o: in function `main':
main.c:(.text.startup+0xbc): undefined reference to `Xil_out32'
collect2.exe: error: ld returned 1 exit status
'Finished building target: P2_V2_SW.elf'
' '
'Invoking: ARM v7 Print Size'
arm-none-eabi-size P2_V2_SW.elf  |tee "P2_V2_SW.elf.size"
arm-none-eabi-size: 'P2_V2_SW.elf': No such file
'Finished building: P2_V2_SW.elf.size'
' '

03:32:52 Build Finished (took 1s.838ms)

