
*** Running vivado
    with args -log P2_RAM_FREC_0_1.vds -m64 -product Vivado -mode batch -messageDb vivado.pb -notrace -source P2_RAM_FREC_0_1.tcl



****** Vivado v2020.1 (64-bit)
  **** SW Build 2902540 on Wed May 27 19:54:49 MDT 2020
  **** IP Build 2902112 on Wed May 27 22:43:36 MDT 2020
    ** Copyright 1986-2020 Xilinx, Inc. All Rights Reserved.

source P2_RAM_FREC_0_1.tcl -notrace
INFO: [IP_Flow 19-234] Refreshing IP repositories
INFO: [IP_Flow 19-1700] Loaded user IP repository 'c:/Users/vicen/OneDrive/Escritorio/Septimo_Semestre/SEP/Ayudantias/Ayudantia_10/Buzzer_AXI_1.0'.
INFO: [IP_Flow 19-1700] Loaded user IP repository 'c:/Users/vicen/OneDrive/Escritorio/Septimo_Semestre/SEP/Labs/lab10/Proyecto_Base_Booster/ip_repo'.
INFO: [IP_Flow 19-1700] Loaded user IP repository 'c:/Users/vicen/OneDrive/Escritorio/Septimo_Semestre/SEP/Proyecto2/Buzzer_AXI_1.0'.
INFO: [IP_Flow 19-2313] Loaded Vivado IP repository 'C:/Xilinx2020/Vivado/2020.1/data/ip'.
WARNING: [IP_Flow 19-4995] The host OS only allows 260 characters in a normal path. The IP cache path is more than 80 characters. If you experience issues with IP caching, please consider changing the IP cache to a location with a shorter path. Alternately consider using the OS subst command to map part of the path to a drive letter. 
Current IP cache path is c:/Users/vicen/OneDrive/Escritorio/Septimo_Semestre/SEP/Proyecto2/Proyecto2/Proyecto 2.cache/ip 
Command: synth_design -top P2_RAM_FREC_0_1 -part xc7z010clg400-1 -mode out_of_context
Starting synth_design
WARNING: [IP_Flow 19-3571] IP 'P2_RAM_FREC_0_1' is restricted:
* Module reference is stale and needs refreshing.
Attempting to get a license for feature 'Synthesis' and/or device 'xc7z010'
INFO: [Common 17-349] Got license for feature 'Synthesis' and/or device 'xc7z010'
INFO: [Device 21-403] Loading part xc7z010clg400-1
INFO: [Synth 8-7079] Multithreading enabled for synth_design using a maximum of 2 processes.
INFO: [Synth 8-7078] Launching helper process for spawning children vivado processes
INFO: [Synth 8-7075] Helper process launched with PID 27528
---------------------------------------------------------------------------------
Starting RTL Elaboration : Time (s): cpu = 00:00:03 ; elapsed = 00:00:06 . Memory (MB): peak = 1060.062 ; gain = 0.000
---------------------------------------------------------------------------------
INFO: [Synth 8-638] synthesizing module 'P2_RAM_FREC_0_1' [c:/Users/vicen/OneDrive/Escritorio/Septimo_Semestre/SEP/Proyecto2/Proyecto2/Proyecto 2.srcs/sources_1/bd/P2/ip/P2_RAM_FREC_0_1/synth/P2_RAM_FREC_0_1.vhd:64]
INFO: [Synth 8-3491] module 'RAM_FREC' declared at 'C:/Users/vicen/OneDrive/Escritorio/Septimo_Semestre/SEP/Proyecto2/RAM_FREC.vhd:7' bound to instance 'U0' of component 'RAM_FREC' [c:/Users/vicen/OneDrive/Escritorio/Septimo_Semestre/SEP/Proyecto2/Proyecto2/Proyecto 2.srcs/sources_1/bd/P2/ip/P2_RAM_FREC_0_1/synth/P2_RAM_FREC_0_1.vhd:89]
INFO: [Synth 8-638] synthesizing module 'RAM_FREC' [C:/Users/vicen/OneDrive/Escritorio/Septimo_Semestre/SEP/Proyecto2/RAM_FREC.vhd:15]
WARNING: [Synth 8-614] signal 'i' is read in the process but is not in the sensitivity list [C:/Users/vicen/OneDrive/Escritorio/Septimo_Semestre/SEP/Proyecto2/RAM_FREC.vhd:33]
INFO: [Synth 8-256] done synthesizing module 'RAM_FREC' (1#1) [C:/Users/vicen/OneDrive/Escritorio/Septimo_Semestre/SEP/Proyecto2/RAM_FREC.vhd:15]
INFO: [Synth 8-256] done synthesizing module 'P2_RAM_FREC_0_1' (2#1) [c:/Users/vicen/OneDrive/Escritorio/Septimo_Semestre/SEP/Proyecto2/Proyecto2/Proyecto 2.srcs/sources_1/bd/P2/ip/P2_RAM_FREC_0_1/synth/P2_RAM_FREC_0_1.vhd:64]
---------------------------------------------------------------------------------
Finished RTL Elaboration : Time (s): cpu = 00:00:03 ; elapsed = 00:00:08 . Memory (MB): peak = 1060.062 ; gain = 0.000
---------------------------------------------------------------------------------
---------------------------------------------------------------------------------
Start Handling Custom Attributes
---------------------------------------------------------------------------------
---------------------------------------------------------------------------------
Finished Handling Custom Attributes : Time (s): cpu = 00:00:04 ; elapsed = 00:00:08 . Memory (MB): peak = 1060.062 ; gain = 0.000
---------------------------------------------------------------------------------
---------------------------------------------------------------------------------
Finished RTL Optimization Phase 1 : Time (s): cpu = 00:00:04 ; elapsed = 00:00:08 . Memory (MB): peak = 1060.062 ; gain = 0.000
---------------------------------------------------------------------------------
Netlist sorting complete. Time (s): cpu = 00:00:00 ; elapsed = 00:00:00.002 . Memory (MB): peak = 1060.062 ; gain = 0.000
INFO: [Project 1-570] Preparing netlist for logic optimization

Processing XDC Constraints
Initializing timing engine
Completed Processing XDC Constraints

Netlist sorting complete. Time (s): cpu = 00:00:00 ; elapsed = 00:00:00 . Memory (MB): peak = 1129.988 ; gain = 0.000
INFO: [Project 1-111] Unisim Transformation Summary:
No Unisim elements were transformed.

Constraint Validation Runtime : Time (s): cpu = 00:00:00 ; elapsed = 00:00:00.034 . Memory (MB): peak = 1130.027 ; gain = 0.039
---------------------------------------------------------------------------------
Finished Constraint Validation : Time (s): cpu = 00:00:07 ; elapsed = 00:00:17 . Memory (MB): peak = 1130.027 ; gain = 69.965
---------------------------------------------------------------------------------
---------------------------------------------------------------------------------
Start Loading Part and Timing Information
---------------------------------------------------------------------------------
Loading part: xc7z010clg400-1
---------------------------------------------------------------------------------
Finished Loading Part and Timing Information : Time (s): cpu = 00:00:07 ; elapsed = 00:00:17 . Memory (MB): peak = 1130.027 ; gain = 69.965
---------------------------------------------------------------------------------
---------------------------------------------------------------------------------
Start Applying 'set_property' XDC Constraints
---------------------------------------------------------------------------------
---------------------------------------------------------------------------------
Finished applying 'set_property' XDC Constraints : Time (s): cpu = 00:00:07 ; elapsed = 00:00:17 . Memory (MB): peak = 1130.027 ; gain = 69.965
---------------------------------------------------------------------------------
---------------------------------------------------------------------------------
Finished RTL Optimization Phase 2 : Time (s): cpu = 00:00:08 ; elapsed = 00:00:17 . Memory (MB): peak = 1130.027 ; gain = 69.965
---------------------------------------------------------------------------------
---------------------------------------------------------------------------------
Start RTL Component Statistics 
---------------------------------------------------------------------------------
Detailed RTL Component Info : 
+---Muxes : 
	   9 Input   20 Bit        Muxes := 1     
---------------------------------------------------------------------------------
Finished RTL Component Statistics 
---------------------------------------------------------------------------------
---------------------------------------------------------------------------------
Start Part Resource Summary
---------------------------------------------------------------------------------
Part Resources:
DSPs: 80 (col length:40)
BRAMs: 120 (col length: RAMB18 40 RAMB36 20)
---------------------------------------------------------------------------------
Finished Part Resource Summary
---------------------------------------------------------------------------------
---------------------------------------------------------------------------------
Start Cross Boundary and Area Optimization
---------------------------------------------------------------------------------
---------------------------------------------------------------------------------
Finished Cross Boundary and Area Optimization : Time (s): cpu = 00:00:08 ; elapsed = 00:00:19 . Memory (MB): peak = 1130.027 ; gain = 69.965
---------------------------------------------------------------------------------
---------------------------------------------------------------------------------
Start Applying XDC Timing Constraints
---------------------------------------------------------------------------------
---------------------------------------------------------------------------------
Finished Applying XDC Timing Constraints : Time (s): cpu = 00:00:13 ; elapsed = 00:00:29 . Memory (MB): peak = 1130.027 ; gain = 69.965
---------------------------------------------------------------------------------
---------------------------------------------------------------------------------
Start Timing Optimization
---------------------------------------------------------------------------------
---------------------------------------------------------------------------------
Finished Timing Optimization : Time (s): cpu = 00:00:13 ; elapsed = 00:00:29 . Memory (MB): peak = 1130.027 ; gain = 69.965
---------------------------------------------------------------------------------
---------------------------------------------------------------------------------
Start Technology Mapping
---------------------------------------------------------------------------------
---------------------------------------------------------------------------------
Finished Technology Mapping : Time (s): cpu = 00:00:13 ; elapsed = 00:00:29 . Memory (MB): peak = 1147.711 ; gain = 87.648
---------------------------------------------------------------------------------
---------------------------------------------------------------------------------
Start IO Insertion
---------------------------------------------------------------------------------
---------------------------------------------------------------------------------
Start Flattening Before IO Insertion
---------------------------------------------------------------------------------
---------------------------------------------------------------------------------
Finished Flattening Before IO Insertion
---------------------------------------------------------------------------------
---------------------------------------------------------------------------------
Start Final Netlist Cleanup
---------------------------------------------------------------------------------
---------------------------------------------------------------------------------
Finished Final Netlist Cleanup
---------------------------------------------------------------------------------
---------------------------------------------------------------------------------
Finished IO Insertion : Time (s): cpu = 00:00:15 ; elapsed = 00:00:34 . Memory (MB): peak = 1152.500 ; gain = 92.438
---------------------------------------------------------------------------------
---------------------------------------------------------------------------------
Start Renaming Generated Instances
---------------------------------------------------------------------------------
---------------------------------------------------------------------------------
Finished Renaming Generated Instances : Time (s): cpu = 00:00:15 ; elapsed = 00:00:34 . Memory (MB): peak = 1152.500 ; gain = 92.438
---------------------------------------------------------------------------------
---------------------------------------------------------------------------------
Start Rebuilding User Hierarchy
---------------------------------------------------------------------------------
---------------------------------------------------------------------------------
Finished Rebuilding User Hierarchy : Time (s): cpu = 00:00:15 ; elapsed = 00:00:34 . Memory (MB): peak = 1152.500 ; gain = 92.438
---------------------------------------------------------------------------------
---------------------------------------------------------------------------------
Start Renaming Generated Ports
---------------------------------------------------------------------------------
---------------------------------------------------------------------------------
Finished Renaming Generated Ports : Time (s): cpu = 00:00:15 ; elapsed = 00:00:34 . Memory (MB): peak = 1152.500 ; gain = 92.438
---------------------------------------------------------------------------------
---------------------------------------------------------------------------------
Start Handling Custom Attributes
---------------------------------------------------------------------------------
---------------------------------------------------------------------------------
Finished Handling Custom Attributes : Time (s): cpu = 00:00:15 ; elapsed = 00:00:34 . Memory (MB): peak = 1152.500 ; gain = 92.438
---------------------------------------------------------------------------------
---------------------------------------------------------------------------------
Start Renaming Generated Nets
---------------------------------------------------------------------------------
---------------------------------------------------------------------------------
Finished Renaming Generated Nets : Time (s): cpu = 00:00:15 ; elapsed = 00:00:34 . Memory (MB): peak = 1152.500 ; gain = 92.438
---------------------------------------------------------------------------------
---------------------------------------------------------------------------------
Start Writing Synthesis Report
---------------------------------------------------------------------------------

Report BlackBoxes: 
+-+--------------+----------+
| |BlackBox name |Instances |
+-+--------------+----------+
+-+--------------+----------+

Report Cell Usage: 
+------+-------+------+
|      |Cell   |Count |
+------+-------+------+
|1     |CARRY4 |    23|
|2     |LUT1   |     3|
|3     |LUT2   |    84|
|4     |LUT3   |     1|
|5     |FDCE   |    27|
|6     |FDRE   |    32|
+------+-------+------+
---------------------------------------------------------------------------------
Finished Writing Synthesis Report : Time (s): cpu = 00:00:15 ; elapsed = 00:00:34 . Memory (MB): peak = 1152.500 ; gain = 92.438
---------------------------------------------------------------------------------
Synthesis finished with 0 errors, 0 critical warnings and 0 warnings.
Synthesis Optimization Runtime : Time (s): cpu = 00:00:10 ; elapsed = 00:00:32 . Memory (MB): peak = 1152.500 ; gain = 22.473
Synthesis Optimization Complete : Time (s): cpu = 00:00:15 ; elapsed = 00:00:34 . Memory (MB): peak = 1152.500 ; gain = 92.438
INFO: [Project 1-571] Translating synthesized netlist
Netlist sorting complete. Time (s): cpu = 00:00:00 ; elapsed = 00:00:00.003 . Memory (MB): peak = 1165.578 ; gain = 0.000
INFO: [Netlist 29-17] Analyzing 23 Unisim elements for replacement
INFO: [Netlist 29-28] Unisim Transformation completed in 0 CPU seconds
INFO: [Project 1-570] Preparing netlist for logic optimization
INFO: [Opt 31-138] Pushed 0 inverter(s) to 0 load pin(s).
Netlist sorting complete. Time (s): cpu = 00:00:00 ; elapsed = 00:00:00 . Memory (MB): peak = 1172.285 ; gain = 0.000
INFO: [Project 1-111] Unisim Transformation Summary:
No Unisim elements were transformed.

INFO: [Common 17-83] Releasing license: Synthesis
24 Infos, 3 Warnings, 0 Critical Warnings and 0 Errors encountered.
synth_design completed successfully
synth_design: Time (s): cpu = 00:00:19 ; elapsed = 00:00:46 . Memory (MB): peak = 1172.285 ; gain = 112.223
INFO: [Common 17-1381] The checkpoint 'C:/Users/vicen/OneDrive/Escritorio/Septimo_Semestre/SEP/Proyecto2/Proyecto2/Proyecto 2.runs/P2_RAM_FREC_0_1_synth_1/P2_RAM_FREC_0_1.dcp' has been generated.
WARNING: [Common 17-576] 'use_project_ipc' is deprecated. This option is deprecated and no longer used.
INFO: [Common 17-1381] The checkpoint 'C:/Users/vicen/OneDrive/Escritorio/Septimo_Semestre/SEP/Proyecto2/Proyecto2/Proyecto 2.runs/P2_RAM_FREC_0_1_synth_1/P2_RAM_FREC_0_1.dcp' has been generated.
INFO: [runtcl-4] Executing : report_utilization -file P2_RAM_FREC_0_1_utilization_synth.rpt -pb P2_RAM_FREC_0_1_utilization_synth.pb
INFO: [Common 17-206] Exiting Vivado at Wed Jun 19 03:18:53 2024...
