Copyright 1986-2020 Xilinx, Inc. All Rights Reserved.
------------------------------------------------------------------------------------
| Tool Version : Vivado v.2020.1 (win64) Build 2902540 Wed May 27 19:54:49 MDT 2020
| Date         : Wed Jun 19 03:01:13 2024
| Host         : PC_Vicho_N running 64-bit major release  (build 9200)
| Command      : upgrade_ip
| Device       : xc7z010clg400-1
------------------------------------------------------------------------------------

Upgrade Log for IP 'P2_Buzzer_AXI_0_2'

1. Summary
----------

CAUTION (success, with warnings) in the upgrade of P2_Buzzer_AXI_0_2 from xilinx.com:user:Buzzer_AXI:3.1 (Rev. 1) to xilinx.com:user:Buzzer_AXI:4 (Rev. 8)

After upgrade, an IP may have parameter and port differences compared to the original customization. Please review the parameters within the IP customization GUI to ensure proper functionality. Also, please review the updated IP instantiation template to ensure proper connectivity, and update your design if required.

2. Connection Warnings
----------------------

Detected external port differences while upgrading 'P2_Buzzer_AXI_0_2'. These changes may impact your design.


-Upgrade has added port 'Frecuencia'

-Upgrade has added port 'LED_R'







Copyright 1986-2020 Xilinx, Inc. All Rights Reserved.
------------------------------------------------------------------------------------
| Tool Version : Vivado v.2020.1 (win64) Build 2902540 Wed May 27 19:54:49 MDT 2020
| Date         : Wed Jun 19 01:15:38 2024
| Host         : PC_Vicho_N running 64-bit major release  (build 9200)
| Command      : upgrade_ip
| Device       : xc7z010clg400-1
------------------------------------------------------------------------------------

Upgrade Log for IP 'P2_Buzzer_AXI_0_2'

1. Summary
----------

SUCCESS in the upgrade of P2_Buzzer_AXI_0_2 from xilinx.com:user:Buzzer_AXI:3.0 (Rev. 1) to xilinx.com:user:Buzzer_AXI:3.1 (Rev. 1)






Copyright 1986-2020 Xilinx, Inc. All Rights Reserved.
------------------------------------------------------------------------------------
| Tool Version : Vivado v.2020.1 (win64) Build 2902540 Wed May 27 19:54:49 MDT 2020
| Date         : Wed Jun 19 00:57:16 2024
| Host         : PC_Vicho_N running 64-bit major release  (build 9200)
| Command      : upgrade_ip
| Device       : xc7z010clg400-1
------------------------------------------------------------------------------------

Upgrade Log for IP 'P2_Buzzer_AXI_0_2'

1. Summary
----------

SUCCESS in the upgrade of P2_Buzzer_AXI_0_2 from xilinx.com:user:Buzzer_AXI:2.4 (Rev. 1) to xilinx.com:user:Buzzer_AXI:3.0 (Rev. 1)






Copyright 1986-2020 Xilinx, Inc. All Rights Reserved.
------------------------------------------------------------------------------------
| Tool Version : Vivado v.2020.1 (win64) Build 2902540 Wed May 27 19:54:49 MDT 2020
| Date         : Wed Jun 19 00:31:17 2024
| Host         : PC_Vicho_N running 64-bit major release  (build 9200)
| Command      : upgrade_ip
| Device       : xc7z010clg400-1
------------------------------------------------------------------------------------

Upgrade Log for IP 'P2_Buzzer_AXI_0_2'

1. Summary
----------

SUCCESS in the upgrade of P2_Buzzer_AXI_0_2 from xilinx.com:user:Buzzer_AXI:2.3 (Rev. 1) to xilinx.com:user:Buzzer_AXI:2.4 (Rev. 1)






Copyright 1986-2020 Xilinx, Inc. All Rights Reserved.
------------------------------------------------------------------------------------
| Tool Version : Vivado v.2020.1 (win64) Build 2902540 Wed May 27 19:54:49 MDT 2020
| Date         : Wed Jun 19 00:24:54 2024
| Host         : PC_Vicho_N running 64-bit major release  (build 9200)
| Command      : upgrade_ip
| Device       : xc7z010clg400-1
------------------------------------------------------------------------------------

Upgrade Log for IP 'P2_Buzzer_AXI_0_2'

1. Summary
----------

SUCCESS in the upgrade of P2_Buzzer_AXI_0_2 from xilinx.com:user:Buzzer_AXI:2.2 (Rev. 1) to xilinx.com:user:Buzzer_AXI:2.3 (Rev. 1)






Copyright 1986-2020 Xilinx, Inc. All Rights Reserved.
------------------------------------------------------------------------------------
| Tool Version : Vivado v.2020.1 (win64) Build 2902540 Wed May 27 19:54:49 MDT 2020
| Date         : Wed Jun 19 00:21:04 2024
| Host         : PC_Vicho_N running 64-bit major release  (build 9200)
| Command      : upgrade_ip
| Device       : xc7z010clg400-1
------------------------------------------------------------------------------------

Upgrade Log for IP 'P2_Buzzer_AXI_0_2'

1. Summary
----------

SUCCESS in the upgrade of P2_Buzzer_AXI_0_2 from xilinx.com:user:Buzzer_AXI:2.1 (Rev. 1) to xilinx.com:user:Buzzer_AXI:2.2 (Rev. 1)






Copyright 1986-2020 Xilinx, Inc. All Rights Reserved.
------------------------------------------------------------------------------------
| Tool Version : Vivado v.2020.1 (win64) Build 2902540 Wed May 27 19:54:49 MDT 2020
| Date         : Wed Jun 19 00:13:16 2024
| Host         : PC_Vicho_N running 64-bit major release  (build 9200)
| Command      : upgrade_ip
| Device       : xc7z010clg400-1
------------------------------------------------------------------------------------

Upgrade Log for IP 'P2_Buzzer_AXI_0_2'

1. Summary
----------

SUCCESS in the upgrade of P2_Buzzer_AXI_0_2 from xilinx.com:user:Buzzer_AXI:2.0 (Rev. 5) to xilinx.com:user:Buzzer_AXI:2.1 (Rev. 1)

