#-----------------------------------------------------------
# Vivado v2020.1 (64-bit)
# SW Build 2902540 on Wed May 27 19:54:49 MDT 2020
# IP Build 2902112 on Wed May 27 22:43:36 MDT 2020
# Start of session at: Tue Jun 18 22:32:46 2024
# Process ID: 860
# Current directory: C:/Users/vicen/OneDrive/Escritorio/Septimo_Semestre/SEP/Proyecto2/Proyecto2
# Command line: vivado.exe -gui_launcher_event rodinguilauncherevent22156 C:\Users\vicen\OneDrive\Escritorio\Septimo_Semestre\SEP\Proyecto2\Proyecto2\Proyecto 2.xpr
# Log file: C:/Users/vicen/OneDrive/Escritorio/Septimo_Semestre/SEP/Proyecto2/Proyecto2/vivado.log
# Journal file: C:/Users/vicen/OneDrive/Escritorio/Septimo_Semestre/SEP/Proyecto2/Proyecto2\vivado.jou
#-----------------------------------------------------------
start_gui
open_project {C:/Users/vicen/OneDrive/Escritorio/Septimo_Semestre/SEP/Proyecto2/Proyecto2/Proyecto 2.xpr}
INFO: [Project 1-313] Project file moved from 'C:/Users/vicen/OneDrive/Escritorio/Septimo_Semestre/SEP/Proyecto 2/Proyecto 2' since last save.
Scanning sources...
Finished scanning sources
INFO: [IP_Flow 19-234] Refreshing IP repositories
INFO: [IP_Flow 19-1700] Loaded user IP repository 'c:/Users/vicen/OneDrive/Escritorio/Septimo_Semestre/SEP/Ayudantias/Ayudantia_10/Buzzer_AXI_1.0'.
INFO: [IP_Flow 19-1700] Loaded user IP repository 'c:/Users/vicen/OneDrive/Escritorio/Septimo_Semestre/SEP/Labs/lab10/Proyecto_Base_Booster/ip_repo'.
INFO: [IP_Flow 19-2313] Loaded Vivado IP repository 'C:/Xilinx2020/Vivado/2020.1/data/ip'.
open_project: Time (s): cpu = 00:00:11 ; elapsed = 00:00:16 . Memory (MB): peak = 1059.605 ; gain = 0.000
INFO: [Vivado 12-8231] Launching Vitis
INFO: [Vivado 12-417] Running vitis
INFO: [Vivado 12-8232] Vitis launch initiated. Please check console for any further messages.
update_compile_order -fileset sources_1
open_bd_design {C:/Users/vicen/OneDrive/Escritorio/Septimo_Semestre/SEP/Proyecto2/Proyecto2/Proyecto 2.srcs/sources_1/bd/P2/P2.bd}
Adding component instance block -- xilinx.com:ip:processing_system7:5.5 - processing_system7_0
WARNING: [BD 41-176] The physical port 'S_AXI_GP2_rd_socket' specified in the portmap, is not found on the block! 
WARNING: [BD 41-176] The physical port 'S_AXI_GP2_wr_socket' specified in the portmap, is not found on the block! 
WARNING: [BD 41-176] The physical port 'S_AXI_GP3_rd_socket' specified in the portmap, is not found on the block! 
WARNING: [BD 41-176] The physical port 'S_AXI_GP3_wr_socket' specified in the portmap, is not found on the block! 
Adding component instance block -- xilinx.com:ip:axi_quad_spi:3.2 - axi_quad_spi_0
Adding component instance block -- xilinx.com:ip:axi_quad_spi:3.2 - axi_quad_spi_1
Adding component instance block -- xilinx.com:ip:axi_gpio:2.0 - axi_gpio_0
Adding component instance block -- xilinx.com:ip:axi_iic:2.0 - axi_iic_0
Adding component instance block -- xilinx.com:ip:axi_interconnect:2.1 - ps7_0_axi_periph
Adding component instance block -- xilinx.com:ip:axi_crossbar:2.1 - xbar
Adding component instance block -- xilinx.com:ip:axi_protocol_converter:2.1 - auto_pc
Adding component instance block -- xilinx.com:ip:axi_protocol_converter:2.1 - auto_pc
Adding component instance block -- xilinx.com:ip:axi_protocol_converter:2.1 - auto_pc
Adding component instance block -- xilinx.com:ip:axi_protocol_converter:2.1 - auto_pc
Adding component instance block -- xilinx.com:ip:axi_protocol_converter:2.1 - auto_pc
Adding component instance block -- xilinx.com:ip:proc_sys_reset:5.0 - rst_ps7_0_50M
Adding component instance block -- xilinx.com:module_ref:BUZZER:1.0 - BUZZER_0
Successfully read diagram <P2> from BD file <C:/Users/vicen/OneDrive/Escritorio/Septimo_Semestre/SEP/Proyecto2/Proyecto2/Proyecto 2.srcs/sources_1/bd/P2/P2.bd>
open_bd_design: Time (s): cpu = 00:00:07 ; elapsed = 00:00:15 . Memory (MB): peak = 1468.117 ; gain = 121.223
delete_bd_objs [get_bd_nets clk_0_1] [get_bd_nets BTN_JY_0_1] [get_bd_nets BTN0_0_1] [get_bd_nets BTN1_0_1] [get_bd_nets BUZZER_0_LEDS] [get_bd_nets BUZZER_0_BUZZER_PWM] [get_bd_cells BUZZER_0]
update_compile_order -fileset sources_1
startgroup
create_bd_cell -type ip -vlnv xilinx.com:user:Buzzer_AXI:1.1 Buzzer_AXI_0
endgroup
update_ip_catalog -rebuild
INFO: [IP_Flow 19-234] Refreshing IP repositories
INFO: [IP_Flow 19-1700] Loaded user IP repository 'c:/Users/vicen/OneDrive/Escritorio/Septimo_Semestre/SEP/Ayudantias/Ayudantia_10/Buzzer_AXI_1.0'.
INFO: [IP_Flow 19-1700] Loaded user IP repository 'c:/Users/vicen/OneDrive/Escritorio/Septimo_Semestre/SEP/Labs/lab10/Proyecto_Base_Booster/ip_repo'.
update_ip_catalog -rebuild
INFO: [IP_Flow 19-234] Refreshing IP repositories
INFO: [IP_Flow 19-1700] Loaded user IP repository 'c:/Users/vicen/OneDrive/Escritorio/Septimo_Semestre/SEP/Ayudantias/Ayudantia_10/Buzzer_AXI_1.0'.
INFO: [IP_Flow 19-1700] Loaded user IP repository 'c:/Users/vicen/OneDrive/Escritorio/Septimo_Semestre/SEP/Labs/lab10/Proyecto_Base_Booster/ip_repo'.
delete_bd_objs [get_bd_cells Buzzer_AXI_0]
set_property  ip_repo_paths  {c:/Users/vicen/OneDrive/Escritorio/Septimo_Semestre/SEP/Ayudantias/Ayudantia_10/Buzzer_AXI_1.0 c:/Users/vicen/OneDrive/Escritorio/Septimo_Semestre/SEP/Labs/lab10/Proyecto_Base_Booster/ip_repo C:/Users/vicen/OneDrive/Escritorio/Septimo_Semestre/SEP/Proyecto2/Buzzer_AXI_1.0} [current_project]
update_ip_catalog
INFO: [IP_Flow 19-234] Refreshing IP repositories
INFO: [IP_Flow 19-1700] Loaded user IP repository 'c:/Users/vicen/OneDrive/Escritorio/Septimo_Semestre/SEP/Ayudantias/Ayudantia_10/Buzzer_AXI_1.0'.
INFO: [IP_Flow 19-1700] Loaded user IP repository 'c:/Users/vicen/OneDrive/Escritorio/Septimo_Semestre/SEP/Labs/lab10/Proyecto_Base_Booster/ip_repo'.
INFO: [IP_Flow 19-1700] Loaded user IP repository 'c:/Users/vicen/OneDrive/Escritorio/Septimo_Semestre/SEP/Proyecto2/Buzzer_AXI_1.0'.
